<?xml version="1.0" encoding="UTF-8"?>
<!-- Generated by org.testng.reporters.JUnitReportReporter -->
<testsuite name="basics.AssertandVerify" tests="1" time="10.613" ignored="0" failures="0" timestamp="03 Jan 2017 19:51:49 GMT" skipped="0" hostname="Bonny" errors="0">
  <testcase name="assertion" time="10.613" classname="basics.AssertandVerify"/>
</testsuite> <!-- basics.AssertandVerify -->
