<?xml version="1.0" encoding="UTF-8"?>
<!-- Generated by org.testng.reporters.JUnitReportReporter -->
<testsuite name="tutorial.Readinfileprop" tests="1" time="0.009" ignored="0" failures="0" timestamp="17 Dec 2016 21:21:09 GMT" skipped="0" hostname="Bonny" errors="0">
  <testcase name="UserName" time="0.009" classname="tutorial.Readinfileprop"/>
</testsuite> <!-- tutorial.Readinfileprop -->
