<?xml version="1.0" encoding="UTF-8"?>
<!-- Generated by org.testng.reporters.JUnitReportReporter -->
<testsuite name="tutorial.DependsandEnabled" tests="3" time="0.029" ignored="1" failures="0" timestamp="25 Feb 2017 00:24:55 GMT" skipped="0" hostname="Bonny" errors="0">
  <testcase name="name" time="0.001" classname="tutorial.DependsandEnabled"/>
  <testcase name="namee" time="0.001" classname="tutorial.DependsandEnabled"/>
  <testcase name="bro" time="0.027" classname="tutorial.DependsandEnabled"/>
  <testcase name="names" classname="tutorial.DependsandEnabled">
    <skipped/>
  </testcase> <!-- names -->
</testsuite> <!-- tutorial.DependsandEnabled -->
