<?xml version="1.0" encoding="UTF-8"?>
<!-- Generated by org.testng.reporters.JUnitReportReporter -->
<testsuite name="tutorial.Testng" tests="3" time="0.018" ignored="0" failures="0" timestamp="17 Dec 2016 21:10:58 GMT" skipped="0" hostname="Bonny" errors="0">
  <testcase name="Aname" time="0.010" classname="tutorial.Testng"/>
  <testcase name="parametere" time="0.005" classname="tutorial.Testng"/>
  <testcase name="Bname" time="0.003" classname="tutorial.Testng"/>
</testsuite> <!-- tutorial.Testng -->
